INFO:root:found model: User (table: users)
INFO:root:  found mapping: id ==> <StringField, varchar(50):None>
INFO:root:  found mapping: email ==> <StringField, varchar(50):None>
INFO:root:  found mapping: passwd ==> <StringField, varchar(50):None>
INFO:root:  found mapping: admin ==> <BooleanField, boolean:None>
INFO:root:  found mapping: name ==> <StringField, varchar(50):None>
INFO:root:  found mapping: image ==> <StringField, varchar(500):None>
INFO:root:  found mapping: created_at ==> <FloatField, real:None>
INFO:root:found model: Blog (table: blogs)
INFO:root:  found mapping: id ==> <StringField, varchar(50):None>
INFO:root:  found mapping: user_id ==> <StringField, varchar(50):None>
INFO:root:  found mapping: user_name ==> <StringField, varchar(50):None>
INFO:root:  found mapping: user_image ==> <StringField, varchar(500):None>
INFO:root:  found mapping: name ==> <StringField, varchar(50):None>
INFO:root:  found mapping: summary ==> <StringField, varchar(200):None>
INFO:root:  found mapping: content ==> <TextField, text:None>
INFO:root:  found mapping: created_at ==> <FloatField, real:None>
INFO:root:found model: Comment (table: comments)
INFO:root:  found mapping: id ==> <StringField, varchar(50):None>
INFO:root:  found mapping: blog_id ==> <StringField, varchar(50):None>
INFO:root:  found mapping: user_id ==> <StringField, varchar(50):None>
INFO:root:  found mapping: user_name ==> <StringField, varchar(50):None>
INFO:root:  found mapping: user_image ==> <StringField, varchar(500):None>
INFO:root:  found mapping: content ==> <TextField, text:None>
INFO:root:  found mapping: created_at ==> <FloatField, real:None>
INFO:root:create database connection pool...
INFO:root:init jinja2...
INFO:root:set jinja2 template path: /Users/edz/PycharmProjects/pyWeb/templates
INFO:root:add route GET /api/blogs => api_blogs(page)
INFO:root:add route GET /api/comments => api_comments(page)
INFO:root:add route POST /api/blogs => api_create_blog(request, name, summary, content)
INFO:root:add route POST /api/blogs/{id}/comments => api_create_comment(id, request, content)
INFO:root:add route POST /api/blogs/{id}/delete => api_delete_blog(request, id)
INFO:root:add route POST /api/comments/{id}/delete => api_delete_comments(id, request)
INFO:root:add route GET /api/blogs/{id} => api_get_blog(id)
INFO:root:add route GET /api/users => api_get_users(page)
INFO:root:add route POST /api/users => api_register_user(email, name, passwd)
INFO:root:add route POST /api/blogs/{id} => api_update_blog(id, request, name, summary, content)
INFO:root:add route POST /api/authenticate => authenticate(email, passwd)
INFO:root:add route GET /blog/{id} => get_blog(id)
INFO:root:add route GET / => index(page)
INFO:root:add route GET /manage/ => manage()
INFO:root:add route GET /manage/blogs => manage_blogs(page)
INFO:root:add route GET /manage/comments => manage_comments(page)
INFO:root:add route GET /manage/blogs/create => manage_create_blog()
INFO:root:add route GET /manage/blogs/edit => manage_edit_blog(id)
INFO:root:add route GET /manage/users => manage_users(page)
INFO:root:add route GET /register => register()
INFO:root:add route GET /signin => signin()
INFO:root:add route GET /signout => signout(request)
INFO:root:add static /static/ => /Users/edz/PycharmProjects/pyWeb/static
INFO:root:server started at http://127.0.0.1:9000...
